  [4;36;1mSQL (21.9ms)[0m   [0;1mSET NAMES 'utf8'[0m
  [4;35;1mSQL (0.1ms)[0m   [0mSET SQL_AUTO_IS_NULL=0[0m


Processing PostsController#index (for 127.0.0.1 at 2010-08-12 12:10:32) [GET]
  Parameters: {"action"=>"index", "controller"=>"posts"}
  [4;36;1mPost Load (48.6ms)[0m   [0;1mSELECT * FROM `posts` ORDER BY created_at DESC[0m
  [4;35;1mCategory Load (1.9ms)[0m   [0mSELECT * FROM `categories` [0m
  [4;36;1mPost Load (0.6ms)[0m   [0;1mSELECT * FROM `posts` ORDER BY created_at DESC LIMIT 0, 2[0m
  [4;35;1mCACHE (0.0ms)[0m   [0mSELECT * FROM `categories` [0m
Rendering template within layouts/application
Rendering posts/index
  [4;36;1mPost Columns (0.8ms)[0m   [0;1mSHOW FIELDS FROM `posts`[0m
  [4;35;1mCategory Columns (1.0ms)[0m   [0mSHOW FIELDS FROM `categories`[0m
  [4;36;1mCategory Load (0.6ms)[0m   [0;1mSELECT * FROM `categories` WHERE (`categories`.`id` = 2) [0m
  [4;35;1mComment Columns (36.3ms)[0m   [0mSHOW FIELDS FROM `comments`[0m
  [4;36;1mSQL (0.4ms)[0m   [0;1mSELECT count(*) AS count_all FROM `comments` WHERE (`comments`.post_id = 1) [0m
Rendered posts/_posts (87.4ms)
  [4;35;1mUser Load (1.3ms)[0m   [0mSELECT * FROM `users` WHERE (id = NULL) LIMIT 1[0m
Rendered shared/_footer (2.0ms)
Completed in 420ms (View: 294, DB: 114) | 200 OK [http://localhost/]
  [4;36;1mSQL (0.1ms)[0m   [0;1mSET NAMES 'utf8'[0m
  [4;35;1mSQL (0.1ms)[0m   [0mSET SQL_AUTO_IS_NULL=0[0m


Processing PostsController#index (for 127.0.0.1 at 2010-08-12 12:13:21) [GET]
  Parameters: {"action"=>"index", "controller"=>"posts"}
  [4;36;1mPost Load (0.6ms)[0m   [0;1mSELECT * FROM `posts` ORDER BY created_at DESC[0m
  [4;35;1mCategory Load (0.3ms)[0m   [0mSELECT * FROM `categories` [0m
  [4;36;1mPost Load (0.4ms)[0m   [0;1mSELECT * FROM `posts` ORDER BY created_at DESC LIMIT 0, 2[0m
  [4;35;1mCACHE (0.0ms)[0m   [0mSELECT * FROM `categories` [0m
Rendering template within layouts/application
Rendering posts/index
  [4;36;1mPost Columns (0.8ms)[0m   [0;1mSHOW FIELDS FROM `posts`[0m
  [4;35;1mCategory Columns (0.7ms)[0m   [0mSHOW FIELDS FROM `categories`[0m
  [4;36;1mCategory Load (0.3ms)[0m   [0;1mSELECT * FROM `categories` WHERE (`categories`.`id` = 2) [0m
  [4;35;1mComment Columns (3.6ms)[0m   [0mSHOW FIELDS FROM `comments`[0m
  [4;36;1mSQL (0.3ms)[0m   [0;1mSELECT count(*) AS count_all FROM `comments` WHERE (`comments`.post_id = 1) [0m
Rendered posts/_posts (77.8ms)
  [4;35;1mUser Load (0.3ms)[0m   [0mSELECT * FROM `users` WHERE (id = NULL) LIMIT 1[0m
Rendered shared/_footer (0.1ms)
Completed in 107ms (View: 84, DB: 7) | 200 OK [http://localhost/]
  [4;36;1mSQL (0.3ms)[0m   [0;1mSET NAMES 'utf8'[0m
  [4;35;1mSQL (0.2ms)[0m   [0mSET SQL_AUTO_IS_NULL=0[0m


Processing PostsController#index (for 127.0.0.1 at 2010-08-12 12:14:11) [GET]
  Parameters: {"action"=>"index", "controller"=>"posts"}
  [4;36;1mPost Load (0.5ms)[0m   [0;1mSELECT * FROM `posts` ORDER BY created_at DESC[0m
  [4;35;1mCategory Load (0.2ms)[0m   [0mSELECT * FROM `categories` [0m
  [4;36;1mPost Load (0.3ms)[0m   [0;1mSELECT * FROM `posts` ORDER BY created_at DESC LIMIT 0, 2[0m
  [4;35;1mCACHE (0.0ms)[0m   [0mSELECT * FROM `categories` [0m
Rendering template within layouts/application
Rendering posts/index
  [4;36;1mPost Columns (0.8ms)[0m   [0;1mSHOW FIELDS FROM `posts`[0m
  [4;35;1mCategory Columns (0.6ms)[0m   [0mSHOW FIELDS FROM `categories`[0m
  [4;36;1mCategory Load (0.2ms)[0m   [0;1mSELECT * FROM `categories` WHERE (`categories`.`id` = 2) [0m
  [4;35;1mComment Columns (1.3ms)[0m   [0mSHOW FIELDS FROM `comments`[0m
  [4;36;1mSQL (0.2ms)[0m   [0;1mSELECT count(*) AS count_all FROM `comments` WHERE (`comments`.post_id = 1) [0m
Rendered posts/_posts (14.4ms)
  [4;35;1mUser Load (0.3ms)[0m   [0mSELECT * FROM `users` WHERE (id = NULL) LIMIT 1[0m
Rendered shared/_footer (0.1ms)
Completed in 45ms (View: 24, DB: 5) | 200 OK [http://localhost/]
  [4;36;1mSQL (0.3ms)[0m   [0;1mSET NAMES 'utf8'[0m
  [4;35;1mSQL (0.1ms)[0m   [0mSET SQL_AUTO_IS_NULL=0[0m


Processing PostsController#index (for 127.0.0.1 at 2010-08-12 12:14:35) [GET]
  Parameters: {"action"=>"index", "controller"=>"posts"}
  [4;36;1mPost Load (0.4ms)[0m   [0;1mSELECT * FROM `posts` ORDER BY created_at DESC[0m
  [4;35;1mCategory Load (0.2ms)[0m   [0mSELECT * FROM `categories` [0m
  [4;36;1mPost Load (0.2ms)[0m   [0;1mSELECT * FROM `posts` ORDER BY created_at DESC LIMIT 0, 2[0m
  [4;35;1mCACHE (0.0ms)[0m   [0mSELECT * FROM `categories` [0m
Rendering template within layouts/application
Rendering posts/index
  [4;36;1mPost Columns (0.8ms)[0m   [0;1mSHOW FIELDS FROM `posts`[0m
  [4;35;1mCategory Columns (1.8ms)[0m   [0mSHOW FIELDS FROM `categories`[0m
  [4;36;1mCategory Load (0.3ms)[0m   [0;1mSELECT * FROM `categories` WHERE (`categories`.`id` = 2) [0m
  [4;35;1mComment Columns (0.7ms)[0m   [0mSHOW FIELDS FROM `comments`[0m
  [4;36;1mSQL (0.2ms)[0m   [0;1mSELECT count(*) AS count_all FROM `comments` WHERE (`comments`.post_id = 1) [0m
Rendered posts/_posts (21.4ms)
  [4;35;1mUser Load (2.4ms)[0m   [0mSELECT * FROM `users` WHERE (id = NULL) LIMIT 1[0m
Rendered shared/_footer (0.8ms)
Completed in 81ms (View: 56, DB: 7) | 200 OK [http://localhost/]
  [4;36;1mSQL (0.1ms)[0m   [0;1mSET NAMES 'utf8'[0m
  [4;35;1mSQL (0.1ms)[0m   [0mSET SQL_AUTO_IS_NULL=0[0m


Processing PostsController#index (for 127.0.0.1 at 2010-08-12 12:15:23) [GET]
  Parameters: {"action"=>"index", "controller"=>"posts"}
  [4;36;1mPost Load (1.5ms)[0m   [0;1mSELECT * FROM `posts` ORDER BY created_at DESC[0m
  [4;35;1mCategory Load (0.3ms)[0m   [0mSELECT * FROM `categories` [0m
  [4;36;1mPost Load (0.3ms)[0m   [0;1mSELECT * FROM `posts` ORDER BY created_at DESC LIMIT 0, 2[0m
  [4;35;1mCACHE (0.0ms)[0m   [0mSELECT * FROM `categories` [0m
Rendering template within layouts/application
Rendering posts/index
  [4;36;1mPost Columns (0.7ms)[0m   [0;1mSHOW FIELDS FROM `posts`[0m
  [4;35;1mCategory Columns (1.3ms)[0m   [0mSHOW FIELDS FROM `categories`[0m
  [4;36;1mCategory Load (0.3ms)[0m   [0;1mSELECT * FROM `categories` WHERE (`categories`.`id` = 2) [0m
  [4;35;1mComment Columns (0.6ms)[0m   [0mSHOW FIELDS FROM `comments`[0m
  [4;36;1mSQL (0.2ms)[0m   [0;1mSELECT count(*) AS count_all FROM `comments` WHERE (`comments`.post_id = 1) [0m
Rendered posts/_posts (14.2ms)
  [4;35;1mUser Load (0.3ms)[0m   [0mSELECT * FROM `users` WHERE (id = NULL) LIMIT 1[0m
Rendered shared/_footer (0.1ms)
Completed in 45ms (View: 25, DB: 6) | 200 OK [http://localhost/]
  [4;36;1mSQL (0.1ms)[0m   [0;1mSET NAMES 'utf8'[0m
  [4;35;1mSQL (0.2ms)[0m   [0mSET SQL_AUTO_IS_NULL=0[0m


Processing PostsController#index (for 127.0.0.1 at 2010-08-12 12:15:47) [GET]
  Parameters: {"action"=>"index", "controller"=>"posts"}
  [4;36;1mPost Load (4.1ms)[0m   [0;1mSELECT * FROM `posts` ORDER BY created_at DESC[0m
  [4;35;1mCategory Load (0.5ms)[0m   [0mSELECT * FROM `categories` [0m
  [4;36;1mPost Load (1.4ms)[0m   [0;1mSELECT * FROM `posts` ORDER BY created_at DESC LIMIT 0, 2[0m
  [4;35;1mCACHE (0.0ms)[0m   [0mSELECT * FROM `categories` [0m
Rendering template within layouts/application
Rendering posts/index
  [4;36;1mPost Columns (0.7ms)[0m   [0;1mSHOW FIELDS FROM `posts`[0m
  [4;35;1mCategory Columns (0.6ms)[0m   [0mSHOW FIELDS FROM `categories`[0m
  [4;36;1mCategory Load (0.2ms)[0m   [0;1mSELECT * FROM `categories` WHERE (`categories`.`id` = 2) [0m
  [4;35;1mComment Columns (0.6ms)[0m   [0mSHOW FIELDS FROM `comments`[0m
  [4;36;1mSQL (0.2ms)[0m   [0;1mSELECT count(*) AS count_all FROM `comments` WHERE (`comments`.post_id = 1) [0m
Rendered posts/_posts (20.6ms)
  [4;35;1mUser Load (0.3ms)[0m   [0mSELECT * FROM `users` WHERE (id = NULL) LIMIT 1[0m
Rendered shared/_footer (0.8ms)
Completed in 83ms (View: 58, DB: 9) | 200 OK [http://localhost/]
  [4;36;1mSQL (0.1ms)[0m   [0;1mSET NAMES 'utf8'[0m
  [4;35;1mSQL (0.1ms)[0m   [0mSET SQL_AUTO_IS_NULL=0[0m


Processing PostsController#index (for 127.0.0.1 at 2010-08-12 12:36:08) [GET]
  Parameters: {"action"=>"index", "controller"=>"posts"}
  [4;36;1mPost Load (0.3ms)[0m   [0;1mSELECT * FROM `posts` ORDER BY created_at DESC[0m
  [4;35;1mCategory Load (0.3ms)[0m   [0mSELECT * FROM `categories` [0m
  [4;36;1mPost Load (0.4ms)[0m   [0;1mSELECT * FROM `posts` ORDER BY created_at DESC LIMIT 0, 2[0m
  [4;35;1mCACHE (0.0ms)[0m   [0mSELECT * FROM `categories` [0m
Rendering template within layouts/application
Rendering posts/index
  [4;36;1mPost Columns (0.9ms)[0m   [0;1mSHOW FIELDS FROM `posts`[0m
  [4;35;1mCategory Columns (0.9ms)[0m   [0mSHOW FIELDS FROM `categories`[0m
  [4;36;1mCategory Load (0.3ms)[0m   [0;1mSELECT * FROM `categories` WHERE (`categories`.`id` = 2) [0m
  [4;35;1mComment Columns (0.9ms)[0m   [0mSHOW FIELDS FROM `comments`[0m
  [4;36;1mSQL (0.3ms)[0m   [0;1mSELECT count(*) AS count_all FROM `comments` WHERE (`comments`.post_id = 1) [0m
Rendered posts/_posts (15.3ms)
  [4;35;1mUser Load (0.2ms)[0m   [0mSELECT * FROM `users` WHERE (id = NULL) LIMIT 1[0m
Rendered shared/_footer (0.1ms)
Completed in 111ms (View: 90, DB: 5) | 200 OK [http://localhost/]
  [4;36;1mSQL (0.3ms)[0m   [0;1mSET NAMES 'utf8'[0m
  [4;35;1mSQL (0.1ms)[0m   [0mSET SQL_AUTO_IS_NULL=0[0m


Processing PostsController#index (for 127.0.0.1 at 2010-08-12 12:36:13) [GET]
  Parameters: {"action"=>"index", "controller"=>"posts"}
  [4;36;1mPost Load (0.3ms)[0m   [0;1mSELECT * FROM `posts` ORDER BY created_at DESC[0m
  [4;35;1mCategory Load (1.6ms)[0m   [0mSELECT * FROM `categories` [0m
  [4;36;1mPost Load (1.4ms)[0m   [0;1mSELECT * FROM `posts` ORDER BY created_at DESC LIMIT 0, 2[0m
  [4;35;1mCACHE (0.0ms)[0m   [0mSELECT * FROM `categories` [0m
Rendering template within layouts/application
Rendering posts/index
  [4;36;1mPost Columns (1.0ms)[0m   [0;1mSHOW FIELDS FROM `posts`[0m
  [4;35;1mCategory Columns (0.9ms)[0m   [0mSHOW FIELDS FROM `categories`[0m
  [4;36;1mCategory Load (0.2ms)[0m   [0;1mSELECT * FROM `categories` WHERE (`categories`.`id` = 2) [0m
  [4;35;1mComment Columns (0.7ms)[0m   [0mSHOW FIELDS FROM `comments`[0m
  [4;36;1mSQL (0.2ms)[0m   [0;1mSELECT count(*) AS count_all FROM `comments` WHERE (`comments`.post_id = 1) [0m
Rendered posts/_posts (14.6ms)
  [4;35;1mUser Load (0.2ms)[0m   [0mSELECT * FROM `users` WHERE (id = NULL) LIMIT 1[0m
Rendered shared/_footer (0.1ms)
Completed in 46ms (View: 24, DB: 7) | 200 OK [http://localhost/]
  [4;36;1mSQL (0.1ms)[0m   [0;1mSET NAMES 'utf8'[0m
  [4;35;1mSQL (0.1ms)[0m   [0mSET SQL_AUTO_IS_NULL=0[0m


Processing PostsController#index (for 127.0.0.1 at 2010-08-12 12:36:50) [GET]
  Parameters: {"action"=>"index", "controller"=>"posts"}
  [4;36;1mPost Load (0.8ms)[0m   [0;1mSELECT * FROM `posts` ORDER BY created_at DESC[0m
  [4;35;1mCategory Load (0.3ms)[0m   [0mSELECT * FROM `categories` [0m
  [4;36;1mPost Load (0.3ms)[0m   [0;1mSELECT * FROM `posts` ORDER BY created_at DESC LIMIT 0, 2[0m
  [4;35;1mCACHE (0.0ms)[0m   [0mSELECT * FROM `categories` [0m
Rendering template within layouts/application
Rendering posts/index
  [4;36;1mPost Columns (0.7ms)[0m   [0;1mSHOW FIELDS FROM `posts`[0m
  [4;35;1mCategory Columns (0.7ms)[0m   [0mSHOW FIELDS FROM `categories`[0m
  [4;36;1mCategory Load (0.2ms)[0m   [0;1mSELECT * FROM `categories` WHERE (`categories`.`id` = 2) [0m
  [4;35;1mComment Columns (0.7ms)[0m   [0mSHOW FIELDS FROM `comments`[0m
  [4;36;1mSQL (0.2ms)[0m   [0;1mSELECT count(*) AS count_all FROM `comments` WHERE (`comments`.post_id = 1) [0m
Rendered posts/_posts (13.4ms)
  [4;35;1mUser Load (0.2ms)[0m   [0mSELECT * FROM `users` WHERE (id = NULL) LIMIT 1[0m
Rendered shared/_footer (0.1ms)
Completed in 42ms (View: 22, DB: 4) | 200 OK [http://localhost/]
